<?xml version="1.0" encoding="UTF-8"?>
<testng-results ignored="0" total="1" passed="1" failed="0" skipped="0">
  <reporter-output>
  </reporter-output>
  <suite started-at="2023-04-29T16:52:54Z" name="Default suite" finished-at="2023-04-29T16:53:09Z" duration-ms="15065">
    <groups>
    </groups>
    <test started-at="2023-04-29T16:52:54Z" name="Default test" finished-at="2023-04-29T16:53:09Z" duration-ms="15065">
      <class name="com.google.java.firstTest">
        <test-method signature="f()[pri:0, instance:com.google.java.firstTest@1583741e]" started-at="2023-04-29T16:52:54Z" name="f" finished-at="2023-04-29T16:53:09Z" duration-ms="15039" status="PASS">
          <reporter-output>
          </reporter-output>
        </test-method> <!-- f -->
      </class> <!-- com.google.java.firstTest -->
    </test> <!-- Default test -->
  </suite> <!-- Default suite -->
</testng-results>
